Release 14.7 Map P.20131013 (nt)
Xilinx Mapping Report File for Design 'main_game'

Design Information
------------------
Command Line   : map -intstyle ise -p xc3s200-tq144-4 -cm area -ir off -pr off
-c 100 -o main_game_map.ncd main_game.ngd main_game.pcf 
Target Device  : xc3s200
Target Package : tq144
Target Speed   : -4
Mapper Version : spartan3 -- $Revision: 1.55 $
Mapped Date    : Sat Mar 08 02:34:13 2014

Design Summary
--------------
Number of errors   :   1
Number of warnings :   0

Section 1 - Errors
------------------
ERROR:Security:8 - A feature for ISE was found but is expired.
ERROR:Security:9c - No 'ISE' nor 'WebPack' feature version 2013.10 was available
for part 'xc3s200'.
ERROR:Map:258 - A problem was encountered attempting to get the license for this
   architecture. 

Section 2 - Warnings
--------------------

Section 3 - Informational
-------------------------
INFO:Security:54 - 'xc3s200' is a WebPack part.
INFO:Security:61 - The XILINXD_LICENSE_FILE environment variable is not set.
INFO:Security:63 - The LM_LICENSE_FILE environment variable is not set.
INFO:Security:68 - For more information or for assistance in obtaining 
INFO:Security:68a - user is zxxcv, on host HACHIIKUNG-PC.
