Release 14.7 - xst P.20131013 (nt)
Copyright (c) 1995-2013 Xilinx, Inc.  All rights reserved.
--> Parameter TMPDIR set to xst/projnav.tmp


Total REAL time to Xst completion: 0.00 secs
Total CPU time to Xst completion: 0.37 secs
 
--> Parameter xsthdpdir set to xst


Total REAL time to Xst completion: 0.00 secs
Total CPU time to Xst completion: 0.37 secs
 
--> Reading design: mapper.prj

TABLE OF CONTENTS
  1) Synthesis Options Summary
  2) HDL Compilation
  3) Design Hierarchy Analysis
  4) HDL Analysis
  5) HDL Synthesis
     5.1) HDL Synthesis Report
  6) Advanced HDL Synthesis
     6.1) Advanced HDL Synthesis Report
  7) Low Level Synthesis
  8) Partition Report
  9) Final Report
	9.1) Device utilization summary
	9.2) Partition Resource Summary
	9.3) TIMING REPORT


=========================================================================
*                      Synthesis Options Summary                        *
=========================================================================
---- Source Parameters
Input File Name                    : "mapper.prj"
Input Format                       : mixed
Ignore Synthesis Constraint File   : NO

---- Target Parameters
Output File Name                   : "mapper"
Output Format                      : NGC
Target Device                      : xc3s200-4-tq144

---- Source Options
Top Module Name                    : mapper
Automatic FSM Extraction           : YES
FSM Encoding Algorithm             : Auto
Safe Implementation                : No
FSM Style                          : LUT
RAM Extraction                     : Yes
RAM Style                          : Auto
ROM Extraction                     : Yes
Mux Style                          : Auto
Decoder Extraction                 : YES
Priority Encoder Extraction        : Yes
Shift Register Extraction          : YES
Logical Shifter Extraction         : YES
XOR Collapsing                     : YES
ROM Style                          : Auto
Mux Extraction                     : Yes
Resource Sharing                   : YES
Asynchronous To Synchronous        : NO
Multiplier Style                   : Auto
Automatic Register Balancing       : No

---- Target Options
Add IO Buffers                     : YES
Global Maximum Fanout              : 500
Add Generic Clock Buffer(BUFG)     : 8
Register Duplication               : YES
Slice Packing                      : YES
Optimize Instantiated Primitives   : NO
Use Clock Enable                   : Yes
Use Synchronous Set                : Yes
Use Synchronous Reset              : Yes
Pack IO Registers into IOBs        : Auto
Equivalent register Removal        : YES

---- General Options
Optimization Goal                  : Speed
Optimization Effort                : 1
Keep Hierarchy                     : No
Netlist Hierarchy                  : As_Optimized
RTL Output                         : Yes
Global Optimization                : AllClockNets
Read Cores                         : YES
Write Timing Constraints           : NO
Cross Clock Analysis               : NO
Hierarchy Separator                : /
Bus Delimiter                      : <>
Case Specifier                     : Maintain
Slice Utilization Ratio            : 100
BRAM Utilization Ratio             : 100
Verilog 2001                       : YES
Auto BRAM Packing                  : NO
Slice Utilization Ratio Delta      : 5

=========================================================================


=========================================================================
*                          HDL Compilation                              *
=========================================================================
Compiling verilog file "sender.v" in library work
ERROR:HDLCompilers:27 - "sender.v" line 40 Illegal redeclaration of 'sending'
Compiling verilog file "mapper.v" in library work
Module <sender> compiled
ERROR:HDLCompilers:28 - "mapper.v" line 50 'MAX_HEIGHT' has not been declared
ERROR:HDLCompilers:26 - "mapper.v" line 57 unexpected token: 'int'
ERROR:HDLCompilers:28 - "mapper.v" line 57 'i' has not been declared
ERROR:HDLCompilers:28 - "mapper.v" line 57 'i' has not been declared
ERROR:HDLCompilers:28 - "mapper.v" line 57 'i' has not been declared
ERROR:HDLCompilers:26 - "mapper.v" line 58 unexpected token: 'int'
ERROR:HDLCompilers:28 - "mapper.v" line 58 'j' has not been declared
ERROR:HDLCompilers:28 - "mapper.v" line 58 'j' has not been declared
ERROR:HDLCompilers:28 - "mapper.v" line 58 'j' has not been declared
ERROR:HDLCompilers:28 - "mapper.v" line 59 'i' has not been declared
ERROR:HDLCompilers:28 - "mapper.v" line 59 'j' has not been declared
ERROR:HDLCompilers:26 - "mapper.v" line 133 unexpected token: 'int'
ERROR:HDLCompilers:28 - "mapper.v" line 133 'j' has not been declared
ERROR:HDLCompilers:28 - "mapper.v" line 133 'j' has not been declared
ERROR:HDLCompilers:28 - "mapper.v" line 133 'j' has not been declared
ERROR:HDLCompilers:28 - "mapper.v" line 134 'j' has not been declared
ERROR:HDLCompilers:26 - "mapper.v" line 147 unexpected token: 'int'
ERROR:HDLCompilers:28 - "mapper.v" line 147 'k' has not been declared
ERROR:HDLCompilers:28 - "mapper.v" line 147 'MAP_HIGHT' has not been declared
ERROR:HDLCompilers:28 - "mapper.v" line 147 'k' has not been declared
ERROR:HDLCompilers:28 - "mapper.v" line 147 'k' has not been declared
ERROR:HDLCompilers:28 - "mapper.v" line 148 'k' has not been declared
ERROR:HDLCompilers:28 - "mapper.v" line 149 'k' has not been declared
ERROR:HDLCompilers:26 - "mapper.v" line 152 unexpected token: 'int'
ERROR:HDLCompilers:28 - "mapper.v" line 152 'k' has not been declared
ERROR:HDLCompilers:28 - "mapper.v" line 152 'k' has not been declared
ERROR:HDLCompilers:28 - "mapper.v" line 152 'k' has not been declared
ERROR:HDLCompilers:28 - "mapper.v" line 153 'k' has not been declared
ERROR:HDLCompilers:28 - "mapper.v" line 154 'k' has not been declared
ERROR:HDLCompilers:26 - "mapper.v" line 171 unexpected token: 'int'
ERROR:HDLCompilers:28 - "mapper.v" line 171 'i' has not been declared
ERROR:HDLCompilers:28 - "mapper.v" line 171 'i' has not been declared
ERROR:HDLCompilers:28 - "mapper.v" line 171 'i' has not been declared
ERROR:HDLCompilers:28 - "mapper.v" line 173 'i' has not been declared
ERROR:HDLCompilers:28 - "mapper.v" line 173 'i' has not been declared
ERROR:HDLCompilers:28 - "mapper.v" line 175 'i' has not been declared
ERROR:HDLCompilers:28 - "mapper.v" line 175 'i' has not been declared
ERROR:HDLCompilers:26 - "mapper.v" line 200 unexpected token: 'integer'
ERROR:HDLCompilers:28 - "mapper.v" line 200 'i' has not been declared
ERROR:HDLCompilers:28 - "mapper.v" line 200 'PAADLE_HEIGHT' has not been declared
ERROR:HDLCompilers:28 - "mapper.v" line 200 'i' has not been declared
ERROR:HDLCompilers:28 - "mapper.v" line 200 'i' has not been declared
Module <mapper> compiled
Analysis of file <"mapper.prj"> failed.
--> 

Total memory usage is 190756 kilobytes

Number of errors   :   43 (   0 filtered)
Number of warnings :    0 (   0 filtered)
Number of infos    :    0 (   0 filtered)

